<?xml version="1.0" encoding="UTF-8"?>
<!-- Generated by org.testng.reporters.JUnitReportReporter -->
<testsuite hostname="CTLT095" failures="0" tests="3" name="com.nextgen.webautomation.testcases.DemoRegistrationTesting" time="18.411" errors="0" timestamp="2020-10-21T16:24:01 IST" skipped="0">
  <testcase classname="com.nextgen.webautomation.testcases.DemoRegistrationTesting" name="demoRegistration" time="12.267"/>
  <system-out/>
  <testcase classname="com.nextgen.webautomation.testcases.DemoRegistrationTesting" name="demoRegistration" time="3.109"/>
  <system-out/>
  <testcase classname="com.nextgen.webautomation.testcases.DemoRegistrationTesting" name="demoRegistration" time="3.035"/>
  <system-out/>
</testsuite> <!-- com.nextgen.webautomation.testcases.DemoRegistrationTesting -->
