<?xml version="1.0" encoding="UTF-8"?>
<!-- Generated by org.testng.reporters.JUnitReportReporter -->
<testsuite hostname="CTLT095" failures="0" tests="1" name="com.nextgen.webautomation.testcases.VisaApp" time="5.127" errors="0" timestamp="2020-10-15T00:30:01 IST" skipped="0">
  <testcase classname="com.nextgen.webautomation.testcases.VisaApp" name="visaRegistration" time="5.127"/>
  <system-out/>
</testsuite> <!-- com.nextgen.webautomation.testcases.VisaApp -->
