<?xml version="1.0" encoding="UTF-8"?>
<!-- Generated by org.testng.reporters.JUnitReportReporter -->
<testsuite hostname="CTLT095" failures="0" tests="1" name="com.nextgen.webautomation.testcases.Sanity" time="0.165" errors="0" timestamp="2020-10-26T18:26:13 IST" skipped="0">
  <testcase classname="com.nextgen.webautomation.testcases.Sanity" name="test" time="0.165"/>
  <system-out/>
</testsuite> <!-- com.nextgen.webautomation.testcases.Sanity -->
