<?xml version="1.0" encoding="UTF-8"?>
<!-- Generated by org.testng.reporters.JUnitReportReporter -->
<testsuite hostname="CTLT095" failures="0" tests="1" name="com.nextgen.webautomation.testcases.Sanity5" time="8.541" errors="0" timestamp="2020-10-07T18:31:21 IST" skipped="0">
  <testcase classname="com.nextgen.webautomation.testcases.Sanity5" name="sanitycheck" time="8.541"/>
  <system-out/>
</testsuite> <!-- com.nextgen.webautomation.testcases.Sanity5 -->
