<?xml version="1.0" encoding="UTF-8"?>
<!-- Generated by org.testng.reporters.JUnitReportReporter -->
<testsuite hostname="CTLT095" failures="0" tests="1" name="com.nextgen.webautomation.testcases.SanityCheck" time="0.184" errors="0" timestamp="2020-10-21T15:43:02 IST" skipped="0">
  <testcase classname="com.nextgen.webautomation.testcases.SanityCheck" name="sanityTest" time="0.184"/>
  <system-out/>
</testsuite> <!-- com.nextgen.webautomation.testcases.SanityCheck -->
