<?xml version="1.0" encoding="UTF-8"?>
<!-- Generated by org.testng.reporters.JUnitReportReporter -->
<testsuite hostname="CTLT095" failures="0" tests="3" name="com.nextgen.webautomation.testcases.VisaRegistrationTesting" time="14.463" errors="0" timestamp="2020-10-22T15:48:02 IST" skipped="0">
  <testcase classname="com.nextgen.webautomation.testcases.VisaRegistrationTesting" name="visaRegistration" time="3.582"/>
  <system-out/>
  <testcase classname="com.nextgen.webautomation.testcases.VisaRegistrationTesting" name="visaRegistration" time="3.650"/>
  <system-out/>
  <testcase classname="com.nextgen.webautomation.testcases.VisaRegistrationTesting" name="visaRegistration" time="7.231"/>
  <system-out/>
</testsuite> <!-- com.nextgen.webautomation.testcases.VisaRegistrationTesting -->
