<?xml version="1.0" encoding="UTF-8"?>
<!-- Generated by org.testng.reporters.JUnitReportReporter -->
<testsuite hostname="CTLT095" failures="0" tests="3" name="com.nextgen.webautomation.testcases.DemoRegistrationTesting" time="23.432" errors="0" timestamp="2020-10-22T14:55:11 IST" skipped="0">
  <testcase classname="com.nextgen.webautomation.testcases.DemoRegistrationTesting" name="demoRegistration" time="3.044"/>
  <system-out/>
  <testcase classname="com.nextgen.webautomation.testcases.DemoRegistrationTesting" name="demoRegistration" time="3.076"/>
  <system-out/>
  <testcase classname="com.nextgen.webautomation.testcases.DemoRegistrationTesting" name="demoRegistration" time="17.312"/>
  <system-out/>
</testsuite> <!-- com.nextgen.webautomation.testcases.DemoRegistrationTesting -->
