<?xml version="1.0" encoding="UTF-8"?>
<!-- Generated by org.testng.reporters.JUnitReportReporter -->
<testsuite hostname="CTLT095" failures="0" tests="5" name="com.nextgen.webautomation.testcases.Sanity" time="11.436" errors="0" timestamp="2020-10-01T14:42:49 IST" skipped="0">
  <testcase classname="com.nextgen.webautomation.testcases.Sanity" name="sanitycheck" time="3.382"/>
  <system-out/>
  <testcase classname="com.nextgen.webautomation.testcases.Sanity" name="sanitycheck" time="2.161"/>
  <system-out/>
  <testcase classname="com.nextgen.webautomation.testcases.Sanity" name="sanitycheck" time="2.392"/>
  <system-out/>
  <testcase classname="com.nextgen.webautomation.testcases.Sanity" name="sanitycheck" time="1.195"/>
  <system-out/>
  <testcase classname="com.nextgen.webautomation.testcases.Sanity" name="sanitycheck" time="2.306"/>
  <system-out/>
</testsuite> <!-- com.nextgen.webautomation.testcases.Sanity -->
