<?xml version="1.0" encoding="UTF-8"?>
<!-- Generated by org.testng.reporters.JUnitReportReporter -->
<testsuite hostname="CTLT095" failures="0" tests="1" name="com.nextgen.webautomation.testcases.Sanity1" time="6.957" errors="0" timestamp="2020-10-07T18:31:21 IST" skipped="0">
  <testcase classname="com.nextgen.webautomation.testcases.Sanity1" name="sanitycheck" time="6.957"/>
  <system-out/>
</testsuite> <!-- com.nextgen.webautomation.testcases.Sanity1 -->
