<?xml version="1.0" encoding="UTF-8"?>
<!-- Generated by org.testng.reporters.JUnitReportReporter -->
<testsuite hostname="CTLT095" failures="0" tests="3" name="com.nextgen.webautomation.testcases.PaymentScreenTesting" time="5.025" errors="0" timestamp="2020-10-26T18:37:13 IST" skipped="0">
  <testcase classname="com.nextgen.webautomation.testcases.PaymentScreenTesting" name="paymentOptionsTest" time="3.303"/>
  <system-out/>
  <testcase classname="com.nextgen.webautomation.testcases.PaymentScreenTesting" name="paymentOptionsTest" time="0.898"/>
  <system-out/>
  <testcase classname="com.nextgen.webautomation.testcases.PaymentScreenTesting" name="paymentOptionsTest" time="0.824"/>
  <system-out/>
</testsuite> <!-- com.nextgen.webautomation.testcases.PaymentScreenTesting -->
