<?xml version="1.0" encoding="UTF-8"?>
<!-- Generated by org.testng.reporters.JUnitReportReporter -->
<testsuite hostname="CTLT095" failures="0" tests="3" name="com.nextgen.webautomation.testcases.SpringJPA" time="0.239" errors="0" timestamp="2020-10-05T23:47:36 IST" skipped="0">
  <testcase classname="com.nextgen.webautomation.testcases.SpringJPA" name="testJpa2" time="0.010"/>
  <system-out/>
  <testcase classname="com.nextgen.webautomation.testcases.SpringJPA" name="testJpa1" time="0.202"/>
  <system-out/>
  <testcase classname="com.nextgen.webautomation.testcases.SpringJPA" name="testJpa3" time="0.027"/>
  <system-out/>
</testsuite> <!-- com.nextgen.webautomation.testcases.SpringJPA -->
