<?xml version="1.0" encoding="UTF-8"?>
<!-- Generated by org.testng.reporters.JUnitReportReporter -->
<testsuite hostname="CTLT095" failures="0" tests="1" name="com.nextgen.webautomation.testcases.VisaRegistrationTesting" time="7.769" errors="0" timestamp="2020-10-18T22:32:34 IST" skipped="0">
  <testcase classname="com.nextgen.webautomation.testcases.VisaRegistrationTesting" name="visaRegistration" time="7.769"/>
  <system-out/>
</testsuite> <!-- com.nextgen.webautomation.testcases.VisaRegistrationTesting -->
