<?xml version="1.0" encoding="UTF-8"?>
<!-- Generated by org.testng.reporters.JUnitReportReporter -->
<testsuite hostname="CTLT095" failures="0" tests="1" name="com.nextgen.webautomation.testcases.VisaRegistrationTesting" time="6.977" errors="0" timestamp="2020-10-19T18:48:45 IST" skipped="0">
  <testcase classname="com.nextgen.webautomation.testcases.VisaRegistrationTesting" name="visaRegistration" time="6.977"/>
  <system-out/>
</testsuite> <!-- com.nextgen.webautomation.testcases.VisaRegistrationTesting -->
