<?xml version="1.0" encoding="UTF-8"?>
<!-- Generated by org.testng.reporters.JUnitReportReporter -->
<testsuite hostname="CTLT095" failures="0" tests="1" name="com.nextgen.webautomation.testcases.DemoRegistrationTesting" time="22.983" errors="0" timestamp="2020-10-21T14:04:47 IST" skipped="0">
  <testcase classname="com.nextgen.webautomation.testcases.DemoRegistrationTesting" name="demoRegistration" time="22.983"/>
  <system-out/>
</testsuite> <!-- com.nextgen.webautomation.testcases.DemoRegistrationTesting -->
