<?xml version="1.0" encoding="UTF-8"?>
<!-- Generated by org.testng.reporters.JUnitReportReporter -->
<testsuite hostname="CTLT095" failures="0" tests="1" name="com.nextgen.webautomation.testcases.SanityJPA" time="0.202" errors="0" timestamp="2020-10-05T14:10:56 IST" skipped="0">
  <testcase classname="com.nextgen.webautomation.testcases.SanityJPA" name="testCase" time="0.202"/>
  <system-out/>
</testsuite> <!-- com.nextgen.webautomation.testcases.SanityJPA -->
